0.029369000
0.026025000
0.021462000
0.044595000
0.046263000
0.045791000
0.038196000
0.052258000
0.047986000
0.041966000
0.023966000
0.055094000
0.043711000
0.030057000
0.048571000
0.028648000
0.042834000
0.042965000
0.059058000
0.025188000
0.026663000
0.059472000
0.038265000
0.044878000
0.043542000
0.048740000
0.037050000
0.036758000
0.051494000
0.039719000
0.023180000
0.037227000
0.054666000
0.055183000
0.058641000
0.042811000
0.042384000
0.033182000
0.031997000
0.052370000
0.053552000
0.022345000
0.043535000
0.023280000
0.052310000
0.026529000
0.056988000
0.046341000
0.039413000
0.026134000
0.039938000
0.036389000
0.032042000
0.048977000
0.023256000
0.040810000
0.024659000
0.056401000
0.045194000
0.038164000
0.032035000
0.036085000
0.053929000
0.046514000
0.049479000
0.032957000
0.034044000
0.045747000
0.025862000
0.024181000
0.021617000
0.042862000
0.033817000
0.041023000
0.041740000
0.054529000
0.022765000
0.042419000
0.047762000
0.047568000
0.021428000
0.059170000
0.049111000
0.028233000
0.053467000
0.056994000
0.025599000
0.022415000
0.021513000
0.036815000
0.052456000
0.038076000
0.024701000
0.050115000
0.042919000
0.031591000
0.040031000
0.025477000
0.044425000
0.038069000
0.039529000
0.030737000
0.042341000
0.058123000
0.035340000
0.023594000
0.027260000
0.051395000
0.049170000
0.047334000
0.030982000
0.045661000
0.035812000
0.046914000
0.022638000
0.029877000
0.042479000
0.039407000
0.057939000
0.020264000
0.030146000
0.048140000
0.031071000
0.059669000
0.025282000
0.037478000
0.055622000
0.022750000
0.025722000
0.045012000
0.041790000
0.044284000
0.057973000
0.032004000
0.025748000
0.054105000
0.034545000
0.032563000
0.039931000
0.036876000
0.034536000
0.021753000
0.053354000
0.042269000
0.034576000
0.032861000
0.033976000
0.038884000
0.045184000
0.046096000
0.028779000
0.030498000
0.051104000
0.048939000
0.035551000
0.035424000
0.026222000
0.052154000
0.022881000
0.050368000
0.037762000
0.026037000
0.032019000
0.024391000
0.041537000
0.042504000
0.035431000
0.027478000
0.027122000
0.058403000
0.040054000
0.047083000
0.058202000
0.042420000
0.035181000
0.034348000
0.045620000
0.042766000
0.031131000
0.043816000
0.032409000
0.040605000
0.030427000
0.022878000
0.058411000
0.023086000
0.027982000
0.025922000
0.040045000
0.028606000
0.021447000
0.051238000
0.053778000
0.049235000
0.050870000
0.033177000
0.052173000
0.027728000
0.052957000
0.036518000
0.023986000
0.055172000
0.022282000
0.033750000
0.023888000
0.052206000
0.032677000
0.045252000
0.040116000
0.045936000
0.040240000
0.049061000
0.046667000
0.052580000
0.030678000
0.042366000
0.022339000
0.026061000
0.033797000
0.039559000
0.047357000
0.037026000
END