0.046349000
0.026482000
0.049291000
0.033579000
0.054328000
0.049472000
0.045463000
0.041235000
0.040662000
0.036537000
0.030316000
0.035952000
0.047642000
0.047576000
0.048866000
0.033803000
0.038233000
0.046460000
0.025440000
0.023872000
0.054265000
0.044856000
0.028589000
0.039456000
0.048033000
0.043117000
0.058530000
0.032924000
0.040319000
0.053345000
0.035285000
0.047367000
0.053880000
0.029915000
0.051283000
0.057259000
0.044663000
0.023795000
0.034375000
0.053266000
0.028035000
0.041179000
0.055328000
0.035510000
0.050385000
0.053059000
0.053551000
0.032963000
0.021688000
0.035670000
0.027911000
0.021981000
0.058718000
0.043689000
0.054433000
0.032212000
0.048949000
0.039388000
0.055489000
0.054069000
0.058960000
0.034122000
0.036054000
0.050573000
0.054475000
0.052529000
0.058281000
0.025029000
0.033476000
0.038981000
0.046756000
0.027590000
0.045886000
0.054999000
0.046917000
0.058322000
0.053756000
0.034971000
0.026449000
0.048987000
0.036920000
0.021234000
0.041299000
0.035996000
0.051064000
0.035621000
0.045523000
0.046329000
0.059873000
0.055496000
0.039015000
0.040395000
0.053684000
0.044171000
0.025262000
0.059798000
0.038661000
0.035074000
0.020416000
0.056054000
0.047579000
0.058347000
0.043733000
0.039408000
0.026581000
0.029171000
0.055780000
0.051560000
0.054701000
0.023315000
0.024367000
0.025587000
0.037757000
0.032116000
0.042802000
0.046326000
0.039398000
0.049579000
0.055852000
0.037739000
0.033673000
0.052519000
0.028953000
0.040401000
0.022462000
0.047663000
0.031551000
0.059406000
0.046522000
0.042410000
0.041337000
0.026589000
0.024107000
0.059724000
0.052127000
0.030949000
0.059859000
0.049624000
0.044165000
0.022442000
0.055491000
0.023178000
0.053698000
0.035443000
0.020431000
0.052639000
0.020611000
0.050591000
0.032576000
0.040314000
0.020607000
0.022870000
0.028950000
0.032135000
0.024094000
0.050696000
0.039946000
0.040380000
0.044563000
0.029113000
0.043784000
0.047404000
0.031920000
0.044293000
0.042652000
0.059832000
0.027774000
0.029083000
0.050558000
0.037051000
0.032485000
0.021779000
0.053751000
0.038977000
0.048189000
0.037923000
0.026009000
0.059468000
0.032993000
0.047087000
0.049695000
0.032815000
0.056909000
0.028003000
0.059978000
0.021535000
0.032413000
0.056513000
0.044058000
0.035410000
0.050518000
0.044299000
0.035483000
0.021627000
0.044173000
0.034458000
0.029450000
0.027763000
0.041341000
0.043312000
0.041174000
0.036907000
0.052252000
0.024080000
0.052243000
0.021460000
0.029681000
0.058027000
0.023436000
0.023585000
0.029143000
0.032402000
0.058762000
0.020768000
0.056367000
0.036678000
0.028440000
0.054436000
0.047052000
0.055794000
0.030725000
0.050251000
END