0.044243000
0.032936000
0.034841000
0.022557000
0.040976000
0.051585000
0.047073000
0.040882000
0.058640000
0.024015000
0.026177000
0.033545000
0.045509000
0.024378000
0.027009000
0.029336000
0.030035000
0.045753000
0.029240000
0.052737000
0.030125000
0.048573000
0.044175000
0.036370000
0.031285000
0.027758000
0.054503000
0.037902000
0.033860000
0.032678000
0.048931000
0.026235000
0.024880000
0.027046000
0.056521000
0.039534000
0.053309000
0.025201000
0.048389000
0.042599000
0.037193000
0.032898000
0.048449000
0.027879000
0.042966000
0.041832000
0.039423000
0.030948000
0.024742000
0.040511000
0.037270000
0.032207000
0.028510000
0.025603000
0.047684000
0.037284000
0.021628000
0.038975000
0.038784000
0.045559000
0.029777000
0.038333000
0.028814000
0.040133000
0.046710000
0.029392000
0.045449000
0.048027000
0.047084000
0.040356000
0.026345000
0.033441000
0.026462000
0.042599000
0.037556000
0.043471000
0.059395000
0.028012000
0.052585000
0.023268000
0.028397000
0.032529000
0.024653000
0.038801000
0.029470000
0.052149000
0.052577000
0.050781000
0.038484000
0.058793000
0.028278000
0.050455000
0.037376000
0.020778000
0.050993000
0.023597000
0.044859000
0.055465000
0.047252000
0.040054000
0.028149000
0.031853000
0.046811000
0.022797000
0.037418000
0.032463000
0.026492000
0.032214000
0.049746000
0.046457000
0.025781000
0.038936000
0.020505000
0.054614000
0.050156000
0.057528000
0.057457000
0.031627000
0.021648000
0.041195000
0.051472000
0.021810000
0.036395000
0.059325000
0.028960000
0.024643000
0.035584000
0.052045000
0.027619000
0.037216000
0.045928000
0.029746000
0.052171000
0.026724000
0.057901000
0.042118000
0.030085000
0.024325000
0.050568000
0.026320000
0.044065000
0.056030000
0.023572000
0.045715000
0.059354000
0.058353000
0.035261000
0.030416000
0.039897000
0.029177000
0.028720000
0.043212000
0.024277000
0.039890000
0.041520000
0.045258000
0.030880000
0.028131000
0.033453000
0.028208000
0.038898000
0.035186000
0.045976000
0.041431000
0.024745000
0.054044000
0.057983000
0.046632000
0.032360000
0.037252000
0.020869000
0.057067000
0.032110000
0.024625000
0.033320000
0.027935000
0.050489000
0.031789000
0.059715000
0.020018000
0.056344000
0.036756000
0.047925000
0.033671000
0.052286000
0.026675000
0.033160000
0.040696000
0.043773000
0.024798000
0.046551000
0.020999000
0.045993000
0.055732000
0.058416000
0.040624000
0.027414000
0.021115000
0.052187000
0.034517000
0.048283000
0.028437000
0.036881000
0.027811000
0.027950000
0.041113000
0.023005000
0.051079000
0.042730000
0.027176000
0.022044000
0.036162000
0.040376000
0.039841000
0.030778000
0.022198000
0.059825000
0.020364000
0.025048000
0.055927000
0.028060000
0.034102000
END