0.041190000
0.046452000
0.034080000
0.057795000
0.055480000
0.029600000
0.054269000
0.031828000
0.040054000
0.048978000
0.029823000
0.056497000
0.029165000
0.027732000
0.044609000
0.053319000
0.044403000
0.040690000
0.020141000
0.035611000
0.022698000
0.044444000
0.036758000
0.027434000
0.059940000
0.032622000
0.040069000
0.057449000
0.043770000
0.022571000
0.047900000
0.029762000
0.024736000
0.043431000
0.020649000
0.038249000
0.048239000
0.045568000
0.025529000
0.051328000
0.040875000
0.047327000
0.059305000
0.026483000
0.047120000
0.023385000
0.034842000
0.042317000
0.046878000
0.036383000
0.021468000
0.054081000
0.057694000
0.047928000
0.057148000
0.025669000
0.050481000
0.034183000
0.056804000
0.033115000
0.027405000
0.046871000
0.030274000
0.022357000
0.033291000
0.040487000
0.045435000
0.041736000
0.040606000
0.031797000
0.036735000
0.033797000
0.045534000
0.022790000
0.057781000
0.036391000
0.050398000
0.049197000
0.058756000
0.033478000
0.051190000
0.059523000
0.056058000
0.045953000
0.059236000
0.030896000
0.053470000
0.031059000
0.048919000
0.049543000
0.030414000
0.051523000
0.031703000
0.023266000
0.026669000
0.025857000
0.053157000
0.052852000
0.056761000
0.053001000
0.059322000
0.030299000
0.027581000
0.051259000
0.051104000
0.028842000
0.053796000
0.029796000
0.022685000
0.033136000
0.045223000
0.031980000
0.034831000
0.043109000
0.058547000
0.047929000
0.022570000
0.052362000
0.031494000
0.058315000
0.039073000
0.020579000
0.048821000
0.023614000
0.043520000
0.028152000
0.043082000
0.050684000
0.040427000
0.050542000
0.021843000
0.036083000
0.032433000
0.051735000
0.051362000
0.029706000
0.059916000
0.020499000
0.046643000
0.028090000
0.056419000
0.030504000
0.027699000
0.041357000
0.051026000
0.035089000
0.033535000
0.046819000
0.041772000
0.040286000
0.038877000
0.042524000
0.051755000
0.042715000
0.047530000
0.054034000
0.054100000
0.031993000
0.034208000
0.041954000
0.025947000
0.051873000
0.052907000
0.049192000
0.022741000
0.028382000
0.054169000
0.026405000
0.054124000
0.058820000
0.050226000
0.053014000
0.026394000
0.026745000
0.053402000
0.033274000
0.032749000
0.044332000
0.051193000
0.026499000
0.027483000
0.023723000
0.059313000
0.037419000
0.048352000
0.043108000
0.049353000
0.055098000
0.037299000
0.048002000
0.056641000
0.048483000
0.036916000
0.034944000
0.052392000
0.058550000
0.052611000
0.021413000
0.048194000
0.035129000
0.050414000
0.035921000
0.039826000
0.050929000
0.036198000
0.032156000
0.039704000
0.031111000
0.043446000
0.050901000
0.048376000
0.037155000
0.059259000
0.057331000
0.021750000
0.024434000
0.052713000
0.040924000
0.031422000
0.049746000
0.023149000
0.033721000
END