0.025081000
0.033334000
0.022632000
0.058138000
0.043493000
0.037832000
0.036615000
0.051685000
0.024914000
0.022290000
0.040884000
0.027138000
0.034278000
0.047027000
0.033636000
0.051090000
0.041630000
0.029302000
0.034104000
0.047108000
0.043218000
0.041994000
0.032480000
0.036212000
0.031802000
0.043490000
0.020093000
0.052906000
0.041974000
0.052483000
0.035203000
0.027577000
0.034768000
0.051319000
0.030165000
0.055933000
0.044224000
0.055478000
0.045836000
0.043051000
0.056216000
0.035358000
0.045413000
0.052281000
0.038290000
0.041311000
0.046866000
0.021665000
0.022095000
0.030386000
0.021839000
0.029017000
0.042754000
0.036612000
0.052973000
0.041632000
0.040790000
0.028646000
0.053185000
0.040850000
0.045728000
0.059539000
0.055422000
0.042410000
0.034674000
0.020016000
0.046213000
0.033369000
0.050781000
0.031553000
0.054754000
0.043580000
0.031159000
0.043425000
0.038894000
0.048382000
0.034176000
0.030006000
0.038229000
0.058656000
0.059316000
0.033643000
0.041221000
0.021326000
0.055584000
0.026332000
0.058551000
0.057817000
0.032847000
0.045396000
0.049609000
0.038198000
0.043774000
0.036379000
0.041310000
0.033224000
0.055523000
0.037064000
0.039223000
0.033131000
0.051988000
0.056775000
0.054260000
0.032572000
0.033383000
0.036442000
0.039899000
0.039876000
0.059108000
0.059843000
0.041093000
0.051320000
0.033454000
0.020793000
0.034080000
0.055518000
0.026817000
0.056740000
0.053227000
0.035432000
0.027505000
0.035501000
0.050495000
0.037153000
0.031981000
0.057202000
0.045954000
0.049411000
0.042358000
0.020045000
0.044564000
0.024610000
0.042826000
0.045199000
0.040816000
0.024533000
0.051408000
0.034118000
0.038101000
0.021301000
0.053008000
0.036410000
0.051679000
0.038571000
0.031100000
0.044373000
0.037675000
0.040639000
0.049635000
0.052403000
0.044966000
0.047099000
0.053725000
0.027046000
0.021737000
0.038952000
0.058159000
0.033899000
0.048076000
0.046464000
0.059986000
0.044638000
0.044823000
0.020876000
0.024582000
0.028672000
0.039495000
0.056283000
0.043536000
0.040630000
0.043038000
0.026972000
0.050328000
0.040955000
0.042897000
0.037531000
0.055975000
0.026092000
0.034427000
0.043361000
0.057303000
0.048626000
0.032550000
0.055118000
0.046337000
0.031004000
0.037093000
0.050665000
0.031606000
0.021250000
0.045041000
0.023500000
0.057020000
0.021535000
0.046930000
0.048437000
0.028802000
0.048990000
0.057971000
0.025274000
0.020484000
0.044885000
0.022491000
0.036118000
0.042819000
0.029074000
0.051213000
0.034468000
0.054581000
0.032800000
0.058207000
0.045183000
0.026454000
0.032986000
0.058875000
0.046133000
0.023603000
0.043762000
0.027301000
0.055266000
0.041311000
0.046482000
END