0.051808000
0.059982000
0.050912000
0.046900000
0.033437000
0.024003000
0.031033000
0.040431000
0.033308000
0.022839000
0.037358000
0.056317000
0.051988000
0.043748000
0.046649000
0.030190000
0.022675000
0.026028000
0.050160000
0.032818000
0.030306000
0.026383000
0.053413000
0.050481000
0.045449000
0.051819000
0.027944000
0.042439000
0.041925000
0.026769000
0.029887000
0.027983000
0.057139000
0.054549000
0.059854000
0.057460000
0.047400000
0.029824000
0.042165000
0.058924000
0.034453000
0.048398000
0.055139000
0.044392000
0.053655000
0.043891000
0.057064000
0.054281000
0.054118000
0.050816000
0.025802000
0.045964000
0.020063000
0.027557000
0.047113000
0.034965000
0.046050000
0.047977000
0.039986000
0.025522000
0.043472000
0.024821000
0.029435000
0.030653000
0.059381000
0.022601000
0.039072000
0.030427000
0.035237000
0.035910000
0.044099000
0.045503000
0.031249000
0.048593000
0.021064000
0.028857000
0.042380000
0.021285000
0.023856000
0.042488000
0.059303000
0.025539000
0.026247000
0.050252000
0.057017000
0.059420000
0.046928000
0.034092000
0.050447000
0.048255000
0.036152000
0.048059000
0.047676000
0.038609000
0.047508000
0.054052000
0.028958000
0.031987000
0.029994000
0.058054000
0.020944000
0.023103000
0.035118000
0.045544000
0.050045000
0.046470000
0.032134000
0.043562000
0.030712000
0.030396000
0.051151000
0.049154000
0.022958000
0.047538000
0.038633000
0.024480000
0.040692000
0.038660000
0.034316000
0.049502000
0.029171000
0.049177000
0.049824000
0.056116000
0.058463000
0.025192000
0.022365000
0.029481000
0.027256000
0.030067000
0.045180000
0.038857000
0.023658000
0.033747000
0.041834000
0.028360000
0.033177000
0.039258000
0.049008000
0.058540000
0.032394000
0.046855000
0.035358000
0.038483000
0.021626000
0.027331000
0.039757000
0.027833000
0.041601000
0.045729000
0.047327000
0.044961000
0.056505000
0.046090000
0.036222000
0.026767000
0.029251000
0.031606000
0.032497000
0.021197000
0.021601000
0.022666000
0.051985000
0.022289000
0.040263000
0.051929000
0.040182000
0.056283000
0.024414000
0.045150000
0.027837000
0.033592000
0.029673000
0.040938000
0.024863000
0.045940000
0.046507000
0.026125000
0.030439000
0.022781000
0.053217000
0.050507000
0.036594000
0.053980000
0.056731000
0.033910000
0.054228000
0.058603000
0.023349000
0.030392000
0.058392000
0.021017000
0.022862000
0.022316000
0.020133000
0.054749000
0.023186000
0.059965000
0.059689000
0.022514000
0.059169000
0.047561000
0.032605000
0.026449000
0.057761000
0.048216000
0.028765000
0.034778000
0.042612000
0.047281000
0.026032000
0.044837000
0.043751000
0.026803000
0.031749000
0.039692000
0.030911000
0.021631000
0.045829000
0.051605000
0.036634000
0.059824000
END