0.056554000
0.037043000
0.039091000
0.038298000
0.038343000
0.054294000
0.050642000
0.050540000
0.022874000
0.048279000
0.027535000
0.059064000
0.028111000
0.028924000
0.038586000
0.049320000
0.054084000
0.055862000
0.029028000
0.052409000
0.052657000
0.042289000
0.044985000
0.024967000
0.042331000
0.043999000
0.058292000
0.029150000
0.035708000
0.041855000
0.047917000
0.036716000
0.025651000
0.042854000
0.038703000
0.026188000
0.020525000
0.035999000
0.038128000
0.029164000
0.024831000
0.046930000
0.029389000
0.036170000
0.031947000
0.025029000
0.053594000
0.045897000
0.049957000
0.054427000
0.030621000
0.052904000
0.026150000
0.025482000
0.049186000
0.035211000
0.046242000
0.043734000
0.051932000
0.046248000
0.049955000
0.033533000
0.035554000
0.041855000
0.041112000
0.056460000
0.033495000
0.056726000
0.053862000
0.043360000
0.045159000
0.041341000
0.034459000
0.043731000
0.041128000
0.050250000
0.032551000
0.028935000
0.041230000
0.022545000
0.041264000
0.054134000
0.031220000
0.029500000
0.043029000
0.037120000
0.049058000
0.049180000
0.044296000
0.043766000
0.030634000
0.031799000
0.058961000
0.036941000
0.042545000
0.044324000
0.046116000
0.057569000
0.041618000
0.029297000
0.056813000
0.059690000
0.023165000
0.024794000
0.038189000
0.046687000
0.042160000
0.035407000
0.053918000
0.052926000
0.045209000
0.054915000
0.026160000
0.030671000
0.055291000
0.021858000
0.045180000
0.020587000
0.041939000
0.038235000
0.054465000
0.027714000
0.054279000
0.041069000
0.052683000
0.043982000
0.040355000
0.052469000
0.033306000
0.046543000
0.037920000
0.046124000
0.038184000
0.042963000
0.042593000
0.033257000
0.041658000
0.042658000
0.027368000
0.054875000
0.044679000
0.059515000
0.041503000
0.041549000
0.047107000
0.059986000
0.021081000
0.055007000
0.044621000
0.029075000
0.055752000
0.059856000
0.038604000
0.053772000
0.059485000
0.040272000
0.029491000
0.030505000
0.049968000
0.052404000
0.023722000
0.054831000
0.033955000
0.040111000
0.036506000
0.055082000
0.042784000
0.046403000
0.039237000
0.026151000
0.038657000
0.039131000
0.025634000
0.045828000
0.053842000
0.020032000
0.035067000
0.020808000
0.035697000
0.049290000
0.026787000
0.058466000
0.023593000
0.020748000
0.056190000
0.035169000
0.042856000
0.057135000
0.044022000
0.041864000
0.043894000
0.044300000
0.054143000
0.058919000
0.021245000
0.029244000
0.049959000
0.035962000
0.043461000
0.054433000
0.020725000
0.032424000
0.055041000
0.024807000
0.051905000
0.036560000
0.044009000
0.020679000
0.026486000
0.027841000
0.033998000
0.023753000
0.030724000
0.053910000
0.031554000
0.021618000
0.025937000
0.022799000
0.025951000
0.057573000
0.044195000
0.051751000
END