0.049066000
0.035857000
0.043772000
0.030265000
0.034960000
0.045639000
0.025805000
0.053892000
0.040004000
0.035602000
0.057031000
0.035840000
0.044656000
0.044107000
0.044950000
0.021390000
0.050905000
0.029008000
0.024702000
0.038710000
0.039548000
0.025943000
0.037330000
0.028310000
0.036193000
0.029661000
0.056948000
0.029274000
0.058896000
0.054477000
0.022209000
0.032890000
0.030742000
0.046681000
0.057410000
0.026222000
0.022609000
0.047424000
0.037180000
0.030126000
0.038666000
0.052519000
0.047558000
0.026902000
0.059081000
0.025302000
0.029481000
0.052304000
0.030335000
0.038544000
0.046189000
0.040890000
0.045289000
0.044322000
0.022535000
0.030486000
0.025074000
0.034532000
0.047901000
0.044294000
0.037807000
0.044719000
0.043900000
0.058749000
0.057851000
0.020928000
0.047799000
0.021401000
0.057153000
0.054617000
0.059051000
0.029001000
0.030431000
0.023320000
0.028309000
0.053105000
0.054670000
0.027437000
0.033445000
0.052642000
0.028495000
0.033206000
0.027023000
0.052761000
0.031758000
0.053285000
0.039536000
0.023098000
0.054106000
0.042990000
0.042338000
0.028462000
0.021778000
0.024290000
0.054274000
0.050125000
0.042653000
0.036896000
0.025248000
0.026025000
0.056296000
0.057744000
0.037640000
0.058810000
0.024657000
0.026584000
0.023794000
0.034926000
0.028898000
0.035338000
0.029785000
0.055681000
0.054420000
0.028938000
0.026671000
0.050478000
0.025136000
0.032445000
0.034757000
0.044165000
0.041037000
0.025483000
0.028854000
0.046768000
0.052596000
0.040513000
0.046559000
0.040483000
0.044198000
0.051255000
0.028344000
0.052014000
0.055405000
0.039991000
0.028255000
0.036932000
0.047071000
0.038345000
0.055383000
0.051014000
0.055331000
0.049658000
0.020363000
0.059833000
0.026367000
0.032021000
0.052390000
0.036720000
0.051106000
0.039948000
0.038724000
0.056781000
0.058905000
0.044779000
0.045746000
0.045181000
0.026937000
0.025079000
0.035475000
0.037169000
0.036611000
0.047910000
0.038599000
0.026083000
0.032413000
0.046498000
0.032460000
0.044695000
0.031627000
0.041524000
0.030337000
0.031906000
0.020913000
0.025803000
0.059206000
0.053819000
0.024544000
0.052782000
0.053072000
0.057629000
0.050574000
0.028446000
0.037389000
0.029865000
0.033310000
0.023139000
0.036967000
0.027162000
0.046578000
0.033549000
0.035252000
0.059598000
0.057283000
0.021920000
0.045719000
0.047750000
0.029818000
0.024138000
0.036124000
0.030490000
0.034668000
0.057360000
0.035124000
0.020845000
0.037430000
0.056823000
0.038530000
0.034659000
0.038556000
0.034477000
0.041996000
0.023417000
0.041004000
0.026141000
0.036236000
0.027593000
0.026540000
0.043755000
0.053730000
0.025058000
0.057195000
0.056315000
END