0.047867000
0.043283000
0.054363000
0.048107000
0.052263000
0.024845000
0.049856000
0.047694000
0.034983000
0.038659000
0.051085000
0.059014000
0.044961000
0.032719000
0.039722000
0.052487000
0.053836000
0.024435000
0.054428000
0.032670000
0.039032000
0.032712000
0.052711000
0.046226000
0.054252000
0.054733000
0.022241000
0.053146000
0.045326000
0.052933000
0.040426000
0.023938000
0.042711000
0.055352000
0.058871000
0.039621000
0.055577000
0.022697000
0.033873000
0.040778000
0.022097000
0.024808000
0.051956000
0.021230000
0.038899000
0.027379000
0.034516000
0.059684000
0.056735000
0.027025000
0.055895000
0.029493000
0.036422000
0.031238000
0.022765000
0.045167000
0.024469000
0.053990000
0.023199000
0.026044000
0.042019000
0.050580000
0.037867000
0.044208000
0.024237000
0.031546000
0.052857000
0.050419000
0.041439000
0.058856000
0.022471000
0.026569000
0.032677000
0.049998000
0.028528000
0.048208000
0.044326000
0.041675000
0.046410000
0.028744000
0.048193000
0.034602000
0.046838000
0.047910000
0.058194000
0.051622000
0.031207000
0.021293000
0.044842000
0.037804000
0.057551000
0.044876000
0.024396000
0.026357000
0.055326000
0.046646000
0.030105000
0.046249000
0.059437000
0.055479000
0.056935000
0.025142000
0.040093000
0.027794000
0.022113000
0.058619000
0.033371000
0.023486000
0.045213000
0.030964000
0.048988000
0.036853000
0.035183000
0.045181000
0.045321000
0.043814000
0.055764000
0.021085000
0.028104000
0.057400000
0.025140000
0.038714000
0.038685000
0.037330000
0.048413000
0.028439000
0.036725000
0.051032000
0.047939000
0.036251000
0.047167000
0.052190000
0.023242000
0.047703000
0.059957000
0.040162000
0.031497000
0.039086000
0.049322000
0.050155000
0.039766000
0.050669000
0.048103000
0.050085000
0.057059000
0.055818000
0.054387000
0.021311000
0.055464000
0.046581000
0.045112000
0.029234000
0.044482000
0.042610000
0.033543000
0.023734000
0.057338000
0.048831000
0.022637000
0.055431000
0.022230000
0.034103000
0.058238000
0.057012000
0.053597000
0.059309000
0.023932000
0.040895000
0.045413000
0.035687000
0.022486000
0.043387000
0.023150000
0.051647000
0.034306000
0.038840000
0.044370000
0.052246000
0.024506000
0.035342000
0.032709000
0.035736000
0.042292000
0.038634000
0.039109000
0.058996000
0.057252000
0.034478000
0.025061000
0.042526000
0.020769000
0.052802000
0.020947000
0.055456000
0.054416000
0.043927000
0.021064000
0.033091000
0.057810000
0.026154000
0.049231000
0.044179000
0.049109000
0.040640000
0.027217000
0.048404000
0.043947000
0.052993000
0.052125000
0.047561000
0.041037000
0.038595000
0.047667000
0.027283000
0.036866000
0.028355000
0.045985000
0.039304000
0.021449000
0.037243000
0.032483000
0.026566000
END