0.051848000
0.020930000
0.022877000
0.037003000
0.033442000
0.027341000
0.040643000
0.039655000
0.025990000
0.030011000
0.042547000
0.028291000
0.048149000
0.026182000
0.044281000
0.037449000
0.057212000
0.045416000
0.042710000
0.055258000
0.055345000
0.053681000
0.052734000
0.040611000
0.025613000
0.020297000
0.033192000
0.049001000
0.048461000
0.023289000
0.041062000
0.046232000
0.035001000
0.057514000
0.037937000
0.052109000
0.038067000
0.047747000
0.046841000
0.039903000
0.053267000
0.020585000
0.028404000
0.044827000
0.039591000
0.056507000
0.030326000
0.022149000
0.051758000
0.032423000
0.020391000
0.037983000
0.059997000
0.025562000
0.029669000
0.041941000
0.023601000
0.056579000
0.058203000
0.042675000
0.032483000
0.029309000
0.052421000
0.020409000
0.020873000
0.031766000
0.021912000
0.021105000
0.036786000
0.040239000
0.041449000
0.022156000
0.034895000
0.059973000
0.050565000
0.058687000
0.057328000
0.025551000
0.021728000
0.039935000
0.034425000
0.034616000
0.059351000
0.057283000
0.041476000
0.023196000
0.028612000
0.023872000
0.041167000
0.035712000
0.035237000
0.023729000
0.021722000
0.044436000
0.029256000
0.044287000
0.025509000
0.047428000
0.054109000
0.033445000
0.046282000
0.030275000
0.030438000
0.028042000
0.044981000
0.052613000
0.057781000
0.024205000
0.047243000
0.035275000
0.024341000
0.052471000
0.032001000
0.029677000
0.029585000
0.048365000
0.032333000
0.030619000
0.053208000
0.030026000
0.022067000
0.028152000
0.031172000
0.024410000
0.043365000
0.034365000
0.021553000
0.026038000
0.054550000
0.048165000
0.031782000
0.022568000
0.043195000
0.059863000
0.038966000
0.033793000
0.047060000
0.051300000
0.029246000
0.058545000
0.036279000
0.031659000
0.036532000
0.055363000
0.052993000
0.053610000
0.021323000
0.048454000
0.049202000
0.020759000
0.057097000
0.055541000
0.028484000
0.053420000
0.050491000
0.055831000
0.038509000
0.035218000
0.043051000
0.028432000
0.039799000
0.039284000
0.031090000
0.025576000
0.040908000
0.045402000
0.046956000
0.036158000
0.053847000
0.042027000
0.049288000
0.044581000
0.048586000
0.051425000
0.044107000
0.034651000
0.037385000
0.057574000
0.040298000
0.054839000
0.032189000
0.046394000
0.027416000
0.039641000
0.022780000
0.052033000
0.030314000
0.027212000
0.047239000
0.057080000
0.034371000
0.042483000
0.028143000
0.026293000
0.022511000
0.034035000
0.050162000
0.035579000
0.047570000
0.027366000
0.026349000
0.028006000
0.044520000
0.040180000
0.020712000
0.050587000
0.028640000
0.057042000
0.047300000
0.020199000
0.049705000
0.051093000
0.033450000
0.028731000
0.057895000
0.047482000
0.039532000
0.041789000
0.035899000
0.026567000
0.053545000
0.034243000
END