0.056930000
0.025211000
0.036122000
0.055351000
0.045738000
0.022990000
0.052057000
0.028892000
0.029690000
0.034826000
0.051621000
0.058101000
0.021536000
0.036583000
0.030199000
0.052060000
0.044854000
0.034413000
0.030232000
0.047909000
0.021907000
0.050258000
0.041371000
0.050317000
0.048797000
0.055605000
0.029232000
0.035231000
0.028689000
0.051683000
0.035922000
0.059447000
0.053204000
0.055325000
0.028610000
0.024425000
0.054762000
0.020653000
0.057153000
0.056333000
0.057206000
0.059258000
0.020804000
0.039614000
0.025112000
0.027257000
0.046814000
0.038481000
0.027558000
0.035537000
0.022153000
0.040283000
0.043392000
0.057096000
0.047764000
0.020562000
0.024264000
0.055368000
0.043926000
0.041708000
0.030025000
0.055896000
0.037796000
0.043408000
0.038258000
0.026149000
0.049428000
0.056394000
0.026206000
0.059955000
0.030922000
0.044955000
0.044890000
0.051371000
0.031267000
0.030609000
0.022531000
0.037070000
0.037604000
0.027610000
0.048517000
0.025379000
0.029572000
0.047950000
0.055615000
0.023747000
0.058690000
0.029887000
0.034814000
0.059435000
0.033083000
0.020093000
0.041541000
0.049251000
0.036356000
0.050932000
0.039081000
0.047623000
0.053782000
0.024653000
0.035879000
0.041748000
0.050425000
0.036419000
0.051961000
0.034605000
0.046266000
0.028031000
0.040880000
0.053717000
0.035203000
0.042266000
0.042211000
0.052776000
0.048871000
0.050710000
0.059335000
0.020926000
0.050707000
0.047185000
0.027940000
0.036229000
0.022770000
0.042861000
0.025912000
0.057911000
0.049000000
0.024038000
0.055583000
0.057272000
0.058456000
0.023552000
0.051391000
0.022989000
0.041232000
0.025457000
0.029667000
0.036685000
0.025176000
0.045505000
0.051787000
0.053745000
0.021318000
0.022275000
0.058288000
0.033714000
0.035990000
0.042110000
0.029898000
0.026971000
0.026760000
0.053794000
0.032141000
0.035289000
0.040914000
0.039180000
0.025502000
0.035581000
0.029116000
0.051628000
0.035208000
0.053831000
0.020867000
0.049590000
0.053978000
0.051022000
0.036157000
0.047633000
0.037638000
0.020015000
0.032602000
0.032491000
0.044367000
0.048565000
0.038543000
0.027170000
0.037550000
0.020054000
0.031041000
0.050585000
0.051564000
0.054447000
0.025481000
0.056811000
0.052418000
0.023787000
0.044356000
0.021785000
0.026145000
0.051533000
0.057531000
0.036525000
0.028270000
0.055699000
0.039987000
0.051850000
0.049680000
0.042625000
0.024306000
0.058863000
0.037996000
0.042858000
0.056970000
0.054581000
0.049660000
0.041070000
0.020388000
0.025067000
0.047298000
0.041944000
0.020524000
0.025259000
0.059378000
0.031375000
0.040286000
0.052487000
0.056071000
0.054321000
0.033855000
0.032586000
0.039029000
0.057467000
END