0.042125000
0.048149000
0.043263000
0.036623000
0.059371000
0.052862000
0.041412000
0.041116000
0.033449000
0.056574000
0.045425000
0.053660000
0.054281000
0.026302000
0.039835000
0.032429000
0.031996000
0.027462000
0.044311000
0.023922000
0.040786000
0.043071000
0.038125000
0.029719000
0.046071000
0.024707000
0.031397000
0.031913000
0.054041000
0.022379000
0.039893000
0.041456000
0.049666000
0.034749000
0.052767000
0.029817000
0.043546000
0.044977000
0.034133000
0.022223000
0.049935000
0.041388000
0.040486000
0.034110000
0.022215000
0.038287000
0.048159000
0.027646000
0.039634000
0.057060000
0.038373000
0.054585000
0.052552000
0.028372000
0.026512000
0.048475000
0.051662000
0.058652000
0.037306000
0.051294000
0.024268000
0.055452000
0.042840000
0.034393000
0.036715000
0.033222000
0.030717000
0.029371000
0.036543000
0.043063000
0.040316000
0.056323000
0.035001000
0.026731000
0.052041000
0.055296000
0.020160000
0.048489000
0.052437000
0.040226000
0.043048000
0.038632000
0.046150000
0.053500000
0.024188000
0.023980000
0.049095000
0.058245000
0.038882000
0.045341000
0.049088000
0.036335000
0.020933000
0.032671000
0.033320000
0.038368000
0.026273000
0.041585000
0.021415000
0.040907000
0.020644000
0.055552000
0.058771000
0.046899000
0.043038000
0.031292000
0.037934000
0.029874000
0.033981000
0.045996000
0.046207000
0.028649000
0.058013000
0.041383000
0.020533000
0.044959000
0.043923000
0.050960000
0.025094000
0.052687000
0.027875000
0.052070000
0.048448000
0.053678000
0.039459000
0.044917000
0.056463000
0.041935000
0.025867000
0.029105000
0.042000000
0.036358000
0.021154000
0.059399000
0.043151000
0.042872000
0.028981000
0.039408000
0.036184000
0.051607000
0.053254000
0.043044000
0.039973000
0.041494000
0.028874000
0.034389000
0.049574000
0.055510000
0.039332000
0.027984000
0.039616000
0.055247000
0.026458000
0.045022000
0.056564000
0.046909000
0.045459000
0.057774000
0.047869000
0.037848000
0.052048000
0.057458000
0.026280000
0.032492000
0.023689000
0.025203000
0.022661000
0.035883000
0.044945000
0.036648000
0.043337000
0.024199000
0.056697000
0.024267000
0.039633000
0.042472000
0.043912000
0.032998000
0.023565000
0.053279000
0.044997000
0.031520000
0.031847000
0.046369000
0.027990000
0.027559000
0.038318000
0.032850000
0.045948000
0.029090000
0.033255000
0.020797000
0.029124000
0.023987000
0.041028000
0.053751000
0.041387000
0.043211000
0.022359000
0.043633000
0.030468000
0.057279000
0.021088000
0.045536000
0.042487000
0.030939000
0.056789000
0.052092000
0.022616000
0.036859000
0.041541000
0.020539000
0.039839000
0.037242000
0.051482000
0.050623000
0.056282000
0.054335000
0.036042000
0.035609000
0.021125000
0.023415000
END