0.047513000
0.048931000
0.041849000
0.056384000
0.058579000
0.048593000
0.048779000
0.036237000
0.045417000
0.045096000
0.051909000
0.031006000
0.038326000
0.042936000
0.043699000
0.023261000
0.054117000
0.040342000
0.027602000
0.047440000
0.049131000
0.055767000
0.049488000
0.054044000
0.039906000
0.031538000
0.032936000
0.058894000
0.035510000
0.049482000
0.030010000
0.055806000
0.048238000
0.024818000
0.040477000
0.042646000
0.059188000
0.036400000
0.052839000
0.048708000
0.033830000
0.025428000
0.034351000
0.036794000
0.036121000
0.052742000
0.024504000
0.024658000
0.046868000
0.044486000
0.028994000
0.037350000
0.057333000
0.056191000
0.052263000
0.057716000
0.050077000
0.058572000
0.037503000
0.027292000
0.038842000
0.025822000
0.034368000
0.049423000
0.043945000
0.049370000
0.037807000
0.027439000
0.044673000
0.043222000
0.022854000
0.052103000
0.052580000
0.025220000
0.055482000
0.022255000
0.025155000
0.039079000
0.036148000
0.057397000
0.023049000
0.053632000
0.033084000
0.054210000
0.049205000
0.038590000
0.023563000
0.049437000
0.043239000
0.045962000
0.054159000
0.035867000
0.040262000
0.022781000
0.059953000
0.040817000
0.034206000
0.025667000
0.034071000
0.036905000
0.027779000
0.047588000
0.039072000
0.055720000
0.028139000
0.052155000
0.024316000
0.024121000
0.029302000
0.027190000
0.025912000
0.046496000
0.051928000
0.040032000
0.048414000
0.032189000
0.032814000
0.028692000
0.058059000
0.059278000
0.055227000
0.034773000
0.026608000
0.026276000
0.039967000
0.040440000
0.058128000
0.055307000
0.032001000
0.048301000
0.043083000
0.058961000
0.046491000
0.034595000
0.021562000
0.031378000
0.035841000
0.025200000
0.050523000
0.053203000
0.033363000
0.051957000
0.040689000
0.034184000
0.043178000
0.027173000
0.044700000
0.032766000
0.055261000
0.046429000
0.041483000
0.053003000
0.026102000
0.020977000
0.030740000
0.054230000
0.052692000
0.047695000
0.058104000
0.022450000
0.045445000
0.041424000
0.023646000
0.051103000
0.035542000
0.022398000
0.030883000
0.050828000
0.027239000
0.058425000
0.051109000
0.034907000
0.026843000
0.041380000
0.057102000
0.056110000
0.031562000
0.038205000
0.030875000
0.038755000
0.032686000
0.021098000
0.022372000
0.059903000
0.034641000
0.049182000
0.021854000
0.057936000
0.028360000
0.034345000
0.053554000
0.039062000
0.047183000
0.028866000
0.037021000
0.029525000
0.059458000
0.055084000
0.053101000
0.053330000
0.028968000
0.033378000
0.037784000
0.037432000
0.035686000
0.047694000
0.054142000
0.022313000
0.027400000
0.042865000
0.052528000
0.032452000
0.031563000
0.058841000
0.036825000
0.021310000
0.040064000
0.034452000
0.026909000
0.031635000
0.045954000
0.037847000
END