0.049861000
0.029600000
0.046572000
0.025503000
0.052063000
0.053094000
0.030780000
0.051381000
0.047216000
0.049037000
0.038362000
0.032277000
0.032171000
0.033870000
0.031876000
0.044882000
0.050936000
0.056525000
0.053590000
0.058877000
0.035377000
0.031947000
0.033163000
0.029014000
0.049002000
0.031422000
0.036510000
0.020738000
0.022385000
0.039139000
0.052388000
0.047219000
0.041832000
0.027851000
0.045009000
0.027222000
0.026185000
0.022628000
0.056202000
0.030630000
0.044204000
0.050269000
0.045056000
0.037524000
0.030878000
0.056395000
0.045886000
0.048121000
0.056014000
0.024879000
0.056115000
0.023317000
0.028822000
0.034507000
0.028003000
0.049472000
0.048821000
0.044284000
0.057499000
0.041880000
0.036197000
0.050208000
0.023809000
0.056736000
0.059488000
0.044150000
0.036405000
0.027431000
0.049524000
0.046468000
0.024248000
0.056419000
0.024516000
0.046299000
0.049645000
0.053828000
0.056570000
0.032186000
0.057072000
0.047733000
0.033756000
0.057117000
0.057942000
0.029229000
0.027768000
0.025722000
0.046934000
0.035561000
0.043428000
0.055907000
0.059454000
0.022618000
0.028665000
0.052217000
0.022444000
0.020234000
0.036259000
0.022733000
0.053958000
0.044672000
0.043494000
0.029041000
0.034731000
0.055695000
0.051575000
0.052436000
0.043059000
0.046136000
0.032508000
0.046053000
0.055504000
0.047520000
0.023010000
0.028191000
0.022539000
0.055405000
0.026793000
0.029048000
0.053103000
0.038977000
0.057749000
0.039780000
0.031722000
0.051201000
0.025251000
0.057538000
0.045563000
0.021388000
0.051483000
0.054603000
0.023866000
0.026320000
0.055480000
0.048158000
0.046877000
0.030750000
0.046221000
0.034127000
0.040452000
0.037918000
0.054548000
0.041124000
0.051822000
0.053094000
0.030340000
0.031203000
0.050564000
0.027902000
0.059001000
0.050677000
0.025612000
0.051540000
0.049611000
0.055937000
0.041045000
0.055267000
0.029750000
0.026388000
0.030708000
0.045316000
0.030725000
0.028091000
0.029905000
0.034269000
0.032959000
0.052118000
0.041233000
0.036647000
0.026814000
0.052424000
0.030492000
0.032056000
0.022732000
0.047565000
0.037211000
0.021143000
0.024598000
0.023180000
0.055361000
0.026744000
0.048642000
0.055824000
0.053145000
0.037527000
0.049845000
0.052176000
0.046124000
0.022033000
0.051173000
0.025043000
0.058490000
0.030188000
0.028124000
0.048586000
0.059718000
0.036503000
0.023864000
0.023339000
0.038440000
0.020695000
0.024739000
0.059467000
0.048904000
0.027182000
0.053499000
0.037287000
0.045283000
0.053709000
0.046932000
0.038339000
0.059617000
0.023561000
0.037910000
0.048001000
0.024011000
0.057649000
0.050662000
0.039904000
0.044263000
0.051195000
0.047024000
0.020032000
END