0.022303000
0.023071000
0.047931000
0.034569000
0.053171000
0.045043000
0.034545000
0.027999000
0.055789000
0.026910000
0.050794000
0.023493000
0.043901000
0.022987000
0.056786000
0.032963000
0.049544000
0.052359000
0.046458000
0.041840000
0.042220000
0.032412000
0.059209000
0.052701000
0.031818000
0.036123000
0.023926000
0.055398000
0.039190000
0.030176000
0.058235000
0.041263000
0.052639000
0.050486000
0.023100000
0.028358000
0.039240000
0.040166000
0.047332000
0.033675000
0.058934000
0.046259000
0.029630000
0.055602000
0.047521000
0.028711000
0.056027000
0.038136000
0.030995000
0.029581000
0.036748000
0.038108000
0.057805000
0.044209000
0.029451000
0.025894000
0.041036000
0.029730000
0.023398000
0.054716000
0.026395000
0.045064000
0.051235000
0.021558000
0.043345000
0.027094000
0.022079000
0.027960000
0.043246000
0.058546000
0.027949000
0.037932000
0.046183000
0.051840000
0.045968000
0.031687000
0.025154000
0.046830000
0.038155000
0.024759000
0.047242000
0.050703000
0.042881000
0.035782000
0.056314000
0.043183000
0.023189000
0.037079000
0.059721000
0.030358000
0.025524000
0.056245000
0.041859000
0.058089000
0.053064000
0.055990000
0.045239000
0.052289000
0.045389000
0.026183000
0.020726000
0.046653000
0.053710000
0.047108000
0.040607000
0.037539000
0.043909000
0.029477000
0.059176000
0.042485000
0.038560000
0.029347000
0.055968000
0.023917000
0.028906000
0.036030000
0.059093000
0.050296000
0.045410000
0.025313000
0.043022000
0.024020000
0.044352000
0.040090000
0.059855000
0.043522000
0.045097000
0.036477000
0.030195000
0.043022000
0.037555000
0.040612000
0.022925000
0.040035000
0.049334000
0.054901000
0.046019000
0.036465000
0.056641000
0.041657000
0.023049000
0.056449000
0.050968000
0.033860000
0.020224000
0.043989000
0.050927000
0.059257000
0.056590000
0.041593000
0.031681000
0.054006000
0.040008000
0.032239000
0.049840000
0.026590000
0.036435000
0.056362000
0.048815000
0.047890000
0.040819000
0.038951000
0.047341000
0.047980000
0.030965000
0.036824000
0.050195000
0.023185000
0.056679000
0.047014000
0.021018000
0.034891000
0.025386000
0.047192000
0.033754000
0.024896000
0.043679000
0.040700000
0.040890000
0.047147000
0.044061000
0.023539000
0.036987000
0.037306000
0.038566000
0.032598000
0.038901000
0.042574000
0.054192000
0.058837000
0.038385000
0.052635000
0.048565000
0.024466000
0.058013000
0.040214000
0.028066000
0.039638000
0.055386000
0.054319000
0.028357000
0.023645000
0.044779000
0.055933000
0.059690000
0.038647000
0.047743000
0.039602000
0.034826000
0.042714000
0.034519000
0.027508000
0.050578000
0.024915000
0.029770000
0.030969000
0.038237000
0.051620000
0.021668000
0.043097000
0.058562000
0.043138000
END