0.047414000
0.054354000
0.033294000
0.048823000
0.020969000
0.026671000
0.035855000
0.050031000
0.052397000
0.051160000
0.041523000
0.021662000
0.041066000
0.051399000
0.031631000
0.034662000
0.059504000
0.053915000
0.039787000
0.029129000
0.024138000
0.049591000
0.037539000
0.057478000
0.043721000
0.050719000
0.058460000
0.053668000
0.024698000
0.037348000
0.043599000
0.034234000
0.032118000
0.031862000
0.050787000
0.049105000
0.034069000
0.056869000
0.030104000
0.052401000
0.056300000
0.058652000
0.022906000
0.053020000
0.051628000
0.037966000
0.026535000
0.051890000
0.055798000
0.029722000
0.036376000
0.044599000
0.022034000
0.043928000
0.035266000
0.046496000
0.050390000
0.023207000
0.028407000
0.021348000
0.054867000
0.023754000
0.022986000
0.052859000
0.026447000
0.021865000
0.030967000
0.021010000
0.036061000
0.020468000
0.023829000
0.046532000
0.043840000
0.047487000
0.027797000
0.020684000
0.025754000
0.059032000
0.035430000
0.056828000
0.042639000
0.040328000
0.054947000
0.057530000
0.043465000
0.035542000
0.036410000
0.043698000
0.058844000
0.029780000
0.057785000
0.038417000
0.042323000
0.047029000
0.032687000
0.033325000
0.053230000
0.036759000
0.029575000
0.032142000
0.033177000
0.028655000
0.034228000
0.039688000
0.051231000
0.032249000
0.055333000
0.050215000
0.051603000
0.021704000
0.049897000
0.039622000
0.059608000
0.056193000
0.024995000
0.058700000
0.022286000
0.056104000
0.043569000
0.037220000
0.053040000
0.052837000
0.042187000
0.044935000
0.049714000
0.026533000
0.043662000
0.043970000
0.046209000
0.031391000
0.059863000
0.046926000
0.054951000
0.051291000
0.041175000
0.032330000
0.020324000
0.026218000
0.056698000
0.026457000
0.043099000
0.033528000
0.049701000
0.048437000
0.030716000
0.058009000
0.022334000
0.043078000
0.032992000
0.041555000
0.032081000
0.022080000
0.034354000
0.035748000
0.025123000
0.052315000
0.047510000
0.026397000
0.054493000
0.044553000
0.058348000
0.031600000
0.037395000
0.051575000
0.024935000
0.024539000
0.042250000
0.027966000
0.059409000
0.059143000
0.023468000
0.027398000
0.048269000
0.024254000
0.048205000
0.039222000
0.024385000
0.024715000
0.033797000
0.021678000
0.037778000
0.022209000
0.057760000
0.052448000
0.032330000
0.034140000
0.020298000
0.033396000
0.034752000
0.021005000
0.023787000
0.041049000
0.047742000
0.059817000
0.039977000
0.058059000
0.042042000
0.021809000
0.057137000
0.046916000
0.045496000
0.035485000
0.034693000
0.047290000
0.024800000
0.029449000
0.030744000
0.058886000
0.036457000
0.051249000
0.020031000
0.031080000
0.041677000
0.055650000
0.022804000
0.023965000
0.051060000
0.032866000
0.039361000
0.049638000
0.023436000
0.034435000
END