0.031744000
0.048784000
0.023584000
0.050397000
0.021770000
0.052526000
0.029687000
0.044110000
0.021348000
0.059740000
0.026846000
0.026114000
0.029954000
0.056055000
0.052992000
0.040499000
0.052516000
0.043844000
0.028659000
0.059272000
0.040310000
0.046291000
0.021937000
0.031609000
0.043052000
0.033980000
0.053448000
0.039768000
0.056144000
0.059218000
0.057413000
0.040885000
0.047398000
0.030639000
0.023399000
0.051141000
0.029506000
0.039748000
0.056582000
0.028833000
0.021535000
0.027448000
0.049258000
0.041482000
0.047868000
0.045261000
0.051841000
0.049495000
0.034823000
0.049524000
0.059882000
0.025074000
0.035233000
0.026602000
0.047135000
0.037556000
0.035080000
0.053482000
0.038124000
0.041100000
0.051421000
0.026965000
0.025579000
0.048401000
0.057723000
0.022208000
0.024509000
0.047483000
0.051203000
0.022911000
0.039475000
0.037620000
0.051759000
0.059920000
0.044021000
0.026852000
0.056949000
0.022760000
0.040130000
0.051976000
0.035927000
0.028438000
0.053059000
0.055040000
0.024226000
0.028045000
0.023869000
0.039526000
0.058933000
0.040770000
0.028452000
0.049720000
0.043304000
0.049454000
0.033113000
0.035081000
0.034868000
0.021760000
0.031641000
0.054387000
0.030790000
0.023660000
0.031696000
0.030011000
0.050606000
0.036827000
0.033564000
0.021683000
0.051500000
0.042679000
0.045890000
0.041549000
0.041057000
0.043017000
0.034139000
0.058951000
0.048410000
0.053338000
0.045676000
0.038523000
0.020335000
0.024778000
0.031089000
0.023070000
0.022245000
0.046173000
0.052327000
0.030537000
0.045091000
0.027667000
0.024579000
0.026310000
0.054828000
0.029627000
0.041713000
0.034012000
0.057086000
0.030862000
0.026338000
0.048042000
0.033828000
0.024145000
0.056478000
0.056000000
0.048483000
0.040030000
0.051218000
0.055076000
0.027936000
0.047325000
0.025990000
0.042462000
0.038188000
0.052762000
0.042275000
0.042508000
0.032003000
0.042380000
0.058033000
0.032881000
0.024844000
0.044945000
0.055637000
0.052496000
0.026317000
0.053898000
0.045853000
0.059335000
0.038329000
0.050758000
0.045969000
0.031712000
0.026473000
0.041373000
0.020430000
0.020372000
0.053993000
0.054176000
0.033565000
0.051320000
0.027814000
0.027102000
0.037824000
0.033933000
0.040749000
0.035186000
0.056396000
0.055819000
0.034989000
0.055451000
0.049023000
0.022632000
0.043320000
0.030483000
0.026915000
0.040669000
0.043051000
0.039637000
0.022276000
0.043686000
0.056132000
0.053137000
0.058885000
0.029310000
0.029889000
0.050636000
0.035160000
0.043056000
0.032906000
0.046875000
0.040931000
0.041600000
0.031262000
0.032444000
0.050403000
0.032835000
0.059890000
0.046957000
0.049126000
0.032525000
0.035766000
0.044691000
END