0.023772000
0.036795000
0.036244000
0.040723000
0.046708000
0.028835000
0.023603000
0.035536000
0.055885000
0.044872000
0.031245000
0.055425000
0.052498000
0.048744000
0.032064000
0.044470000
0.026058000
0.036979000
0.029424000
0.059485000
0.048574000
0.047747000
0.046584000
0.033489000
0.050283000
0.041638000
0.040131000
0.055552000
0.025917000
0.053522000
0.027610000
0.046166000
0.044205000
0.050279000
0.050043000
0.042293000
0.058522000
0.021310000
0.027136000
0.035489000
0.022948000
0.044357000
0.026534000
0.051710000
0.023904000
0.046513000
0.055827000
0.020593000
0.022586000
0.053796000
0.037278000
0.033341000
0.026136000
0.042761000
0.041567000
0.052072000
0.047911000
0.058778000
0.048919000
0.038102000
0.029280000
0.032846000
0.049143000
0.042243000
0.047623000
0.042818000
0.049455000
0.042462000
0.039710000
0.043818000
0.043705000
0.031663000
0.020166000
0.022742000
0.054222000
0.032607000
0.020530000
0.039278000
0.027050000
0.058995000
0.031868000
0.029251000
0.036668000
0.032661000
0.043011000
0.038705000
0.041326000
0.050292000
0.037476000
0.046797000
0.030561000
0.041605000
0.049169000
0.047160000
0.049061000
0.037184000
0.032140000
0.041312000
0.056530000
0.026056000
0.037376000
0.027917000
0.022007000
0.034602000
0.040158000
0.042352000
0.059295000
0.021396000
0.040346000
0.022020000
0.025837000
0.041707000
0.052065000
0.023672000
0.058287000
0.057313000
0.052862000
0.023189000
0.044270000
0.038157000
0.021486000
0.045325000
0.041278000
0.041924000
0.030394000
0.022663000
0.058504000
0.045886000
0.027093000
0.029701000
0.029309000
0.032787000
0.058173000
0.040577000
0.052495000
0.027354000
0.039116000
0.022521000
0.058955000
0.027405000
0.027080000
0.056081000
0.028449000
0.024564000
0.031281000
0.026877000
0.038288000
0.045059000
0.025599000
0.033824000
0.038872000
0.037021000
0.043868000
0.052213000
0.031269000
0.051329000
0.053409000
0.023314000
0.044303000
0.042722000
0.034293000
0.058050000
0.049352000
0.047263000
0.044124000
0.044829000
0.022681000
0.037144000
0.029491000
0.044515000
0.022522000
0.024707000
0.034660000
0.021254000
0.043478000
0.041872000
0.030277000
0.048332000
0.042969000
0.041948000
0.028375000
0.051358000
0.033786000
0.057092000
0.057149000
0.059494000
0.059710000
0.040896000
0.043893000
0.027113000
0.059223000
0.045597000
0.032367000
0.033832000
0.027465000
0.035663000
0.022613000
0.033633000
0.035906000
0.042512000
0.040707000
0.034899000
0.040802000
0.037963000
0.045943000
0.059428000
0.034229000
0.035202000
0.024095000
0.044230000
0.057647000
0.027260000
0.028847000
0.027061000
0.053384000
0.045969000
0.020773000
0.029004000
0.049516000
0.053998000
0.036454000
0.021219000
END