0.025411000
0.052571000
0.054612000
0.058914000
0.027854000
0.040572000
0.057786000
0.049630000
0.045637000
0.044805000
0.044084000
0.050604000
0.042918000
0.044282000
0.051384000
0.023466000
0.042591000
0.041503000
0.057774000
0.028320000
0.045571000
0.021621000
0.039861000
0.057915000
0.052720000
0.034000000
0.020977000
0.023703000
0.039850000
0.022557000
0.055103000
0.031842000
0.027035000
0.021295000
0.040333000
0.050878000
0.023556000
0.040661000
0.025595000
0.034106000
0.051423000
0.023509000
0.024309000
0.046330000
0.042804000
0.052185000
0.028061000
0.029820000
0.053304000
0.037813000
0.039693000
0.030831000
0.058222000
0.054964000
0.041005000
0.053172000
0.034780000
0.054125000
0.047045000
0.042734000
0.055192000
0.038169000
0.055825000
0.026501000
0.045456000
0.033709000
0.050808000
0.037481000
0.023800000
0.023575000
0.039923000
0.039105000
0.040046000
0.047347000
0.041451000
0.024987000
0.059357000
0.037787000
0.033612000
0.032811000
0.043664000
0.031169000
0.051607000
0.024045000
0.040568000
0.021680000
0.039259000
0.045248000
0.033217000
0.056999000
0.026193000
0.044699000
0.020136000
0.059027000
0.037184000
0.021399000
0.022834000
0.028176000
0.021179000
0.056262000
0.032762000
0.041707000
0.040871000
0.038470000
0.034367000
0.052593000
0.048045000
0.033767000
0.029836000
0.023469000
0.056854000
0.026187000
0.044889000
0.032599000
0.038986000
0.035112000
0.022546000
0.048893000
0.050672000
0.029681000
0.029047000
0.054462000
0.025198000
0.022447000
0.034693000
0.042740000
0.034352000
0.043991000
0.038849000
0.034825000
0.053602000
0.026468000
0.024854000
0.055720000
0.056050000
0.032845000
0.030664000
0.045002000
0.050803000
0.025446000
0.055494000
0.038543000
0.047102000
0.043406000
0.059103000
0.033439000
0.045297000
0.049465000
0.051730000
0.024955000
0.048528000
0.045540000
0.057104000
0.055993000
0.045485000
0.029241000
0.031649000
0.037090000
0.029017000
0.025421000
0.041829000
0.053151000
0.031679000
0.028879000
0.029595000
0.026066000
0.042700000
0.022458000
0.044794000
0.059664000
0.029629000
0.027794000
0.021848000
0.028057000
0.057476000
0.052881000
0.044651000
0.058978000
0.028135000
0.054274000
0.036701000
0.057319000
0.047600000
0.052917000
0.036626000
0.020070000
0.050972000
0.056764000
0.057025000
0.054572000
0.059544000
0.032627000
0.037364000
0.055859000
0.054338000
0.030041000
0.037744000
0.041237000
0.054376000
0.042966000
0.029154000
0.024947000
0.021227000
0.055644000
0.041073000
0.041469000
0.034876000
0.048741000
0.031988000
0.022251000
0.048477000
0.050682000
0.031171000
0.043852000
0.040055000
0.031456000
0.040330000
0.057078000
0.023078000
0.033512000
0.036193000
0.039520000
END