0.027040000
0.058926000
0.058661000
0.025824000
0.020463000
0.031808000
0.058955000
0.052929000
0.047935000
0.045750000
0.044285000
0.022319000
0.048695000
0.055360000
0.049904000
0.037650000
0.054345000
0.033887000
0.034691000
0.033961000
0.021141000
0.028190000
0.057906000
0.053419000
0.052911000
0.027948000
0.041451000
0.043758000
0.057849000
0.033618000
0.052824000
0.037823000
0.024134000
0.035286000
0.059387000
0.040089000
0.050216000
0.043280000
0.040490000
0.048489000
0.056773000
0.025356000
0.054521000
0.025673000
0.057062000
0.041624000
0.054335000
0.036871000
0.046628000
0.026122000
0.038461000
0.042693000
0.022558000
0.059368000
0.036078000
0.052967000
0.039330000
0.044976000
0.035374000
0.049588000
0.050574000
0.033698000
0.035887000
0.049546000
0.034980000
0.029326000
0.052966000
0.027392000
0.038202000
0.046808000
0.032429000
0.035852000
0.057921000
0.055119000
0.022894000
0.056218000
0.049924000
0.026305000
0.034908000
0.059714000
0.030784000
0.055822000
0.022292000
0.021863000
0.040235000
0.048561000
0.047866000
0.057203000
0.037765000
0.053333000
0.056642000
0.026586000
0.051868000
0.021088000
0.053471000
0.039979000
0.051843000
0.042255000
0.027551000
0.046554000
0.053300000
0.038852000
0.041155000
0.047253000
0.058580000
0.036844000
0.020130000
0.045608000
0.047846000
0.047060000
0.036465000
0.039835000
0.054908000
0.050035000
0.058040000
0.029047000
0.031220000
0.055996000
0.036616000
0.049706000
0.021221000
0.055244000
0.058467000
0.026487000
0.058664000
0.035619000
0.028219000
0.049374000
0.025138000
0.029799000
0.020870000
0.040874000
0.048539000
0.044103000
0.055058000
0.050593000
0.039604000
0.027266000
0.035836000
0.032974000
0.057043000
0.048153000
0.046823000
0.048190000
0.058531000
0.026572000
0.058006000
0.024664000
0.031892000
0.021155000
0.053194000
0.048929000
0.021543000
0.026946000
0.040123000
0.054829000
0.045354000
0.042779000
0.021865000
0.051720000
0.053601000
0.025590000
0.025237000
0.040839000
0.054406000
0.033621000
0.030836000
0.057226000
0.048446000
0.031844000
0.039273000
0.032876000
0.054778000
0.050548000
0.052382000
0.050971000
0.045129000
0.030926000
0.039300000
0.052799000
0.042514000
0.022629000
0.058538000
0.021729000
0.056902000
0.046773000
0.039597000
0.041814000
0.049928000
0.045771000
0.043596000
0.024844000
0.029886000
0.024557000
0.057421000
0.049476000
0.032175000
0.025948000
0.025598000
0.024421000
0.023203000
0.059060000
0.021494000
0.057877000
0.051864000
0.042412000
0.041849000
0.048220000
0.022283000
0.054039000
0.027096000
0.056470000
0.043582000
0.041386000
0.026982000
0.055256000
0.029039000
0.057141000
0.037096000
0.025169000
0.022408000
0.037514000
END